<?xml version="1.0" encoding="UTF-8"?>
<testsuite name="pt.up.fe.ldts.example2.ShapeTest" tests="6" skipped="0" failures="0" errors="0" timestamp="2022-11-29T18:35:42" hostname="LAPTOP-TN3O5INU" time="0.449">
  <properties/>
  <testcase name="getAreaRectangle()" classname="pt.up.fe.ldts.example2.ShapeTest" time="0.013"/>
  <testcase name="getPerimeterCircle()" classname="pt.up.fe.ldts.example2.ShapeTest" time="0.001"/>
  <testcase name="drawCircle()" classname="pt.up.fe.ldts.example2.ShapeTest" time="0.43"/>
  <testcase name="getAreaCircle()" classname="pt.up.fe.ldts.example2.ShapeTest" time="0.001"/>
  <testcase name="getPerimeterRectangle()" classname="pt.up.fe.ldts.example2.ShapeTest" time="0.001"/>
  <testcase name="drawRectangle()" classname="pt.up.fe.ldts.example2.ShapeTest" time="0.003"/>
  <system-out><![CDATA[]]></system-out>
  <system-err><![CDATA[]]></system-err>
</testsuite>
